<?xml version="1.0" encoding="UTF-8"?>
<!-- Generated by org.testng.reporters.JUnitXMLReporter -->
<testsuite ignored="0" hostname="DESKTOP-ATT6UQO" failures="1" tests="2" name="Test" time="132.772" errors="0" timestamp="2023-12-12T09:04:14 IST">
  <testcase classname="TestPage.Test_LoginPage" name="TestLogin" time="8.009"/>
  <testcase classname="TestPage.Test_LoginPage" name="TestcustomerLogin" time="9.725">
    <failure type="java.lang.AssertionError" message="expected [customer Login] but found [Customer Login]">
      <![CDATA[java.lang.AssertionError: expected [customer Login] but found [Customer Login]
at TestPage.Test_LoginPage.TestcustomerLogin(Test_LoginPage.java:45)
at java.base/java.util.ArrayList.forEach(ArrayList.java:1511)
... Removed 33 stack frames]]>
    </failure>
  </testcase> <!-- TestcustomerLogin -->
</testsuite> <!-- Test -->
